2023-04-09 23:01:53,457 CRIT Supervisor is running as root.  Privileges were not dropped because no user is specified in the config file.  If you intend to run as root, you can set user=root in the config file to avoid this message.
2023-04-09 23:01:53,458 WARN For [program:laravel-worker], redirect_stderr=true but stderr_logfile has also been set to a filename, the filename has been ignored
2023-04-09 23:01:53,458 WARN For [program:laravel-worker], redirect_stderr=true but stderr_logfile has also been set to a filename, the filename has been ignored
2023-04-09 23:01:53,459 WARN For [program:laravel-worker], redirect_stderr=true but stderr_logfile has also been set to a filename, the filename has been ignored
2023-04-09 23:01:53,459 WARN For [program:laravel-worker], redirect_stderr=true but stderr_logfile has also been set to a filename, the filename has been ignored
2023-04-09 23:01:53,465 INFO supervisord started with pid 1
2023-04-09 23:01:54,470 INFO spawned: 'laravel-worker_00' with pid 7
2023-04-09 23:01:54,474 INFO spawned: 'laravel-worker_01' with pid 8
2023-04-09 23:01:54,477 INFO spawned: 'laravel-worker_02' with pid 9
2023-04-09 23:01:54,481 INFO spawned: 'laravel-worker_03' with pid 10
2023-04-09 23:01:55,483 INFO success: laravel-worker_00 entered RUNNING state, process has stayed up for > than 1 seconds (startsecs)
2023-04-09 23:01:55,483 INFO success: laravel-worker_01 entered RUNNING state, process has stayed up for > than 1 seconds (startsecs)
2023-04-09 23:01:55,484 INFO success: laravel-worker_02 entered RUNNING state, process has stayed up for > than 1 seconds (startsecs)
2023-04-09 23:01:55,484 INFO success: laravel-worker_03 entered RUNNING state, process has stayed up for > than 1 seconds (startsecs)
2023-04-09 23:02:04,493 WARN received SIGQUIT indicating exit request
2023-04-09 23:02:04,494 INFO waiting for laravel-worker_00, laravel-worker_01, laravel-worker_02, laravel-worker_03 to die
2023-04-09 23:02:04,505 INFO stopped: laravel-worker_00 (terminated by SIGTERM)
2023-04-09 23:02:04,506 INFO stopped: laravel-worker_01 (terminated by SIGTERM)
2023-04-09 23:02:04,506 INFO stopped: laravel-worker_02 (terminated by SIGTERM)
2023-04-09 23:02:04,507 INFO stopped: laravel-worker_03 (terminated by SIGTERM)
2023-04-09 23:02:08,580 CRIT Supervisor is running as root.  Privileges were not dropped because no user is specified in the config file.  If you intend to run as root, you can set user=root in the config file to avoid this message.
2023-04-09 23:02:08,581 WARN For [program:laravel-worker], redirect_stderr=true but stderr_logfile has also been set to a filename, the filename has been ignored
2023-04-09 23:02:08,581 WARN For [program:laravel-worker], redirect_stderr=true but stderr_logfile has also been set to a filename, the filename has been ignored
2023-04-09 23:02:08,582 WARN For [program:laravel-worker], redirect_stderr=true but stderr_logfile has also been set to a filename, the filename has been ignored
2023-04-09 23:02:08,582 WARN For [program:laravel-worker], redirect_stderr=true but stderr_logfile has also been set to a filename, the filename has been ignored
2023-04-09 23:02:08,590 INFO supervisord started with pid 1
2023-04-09 23:02:09,596 INFO spawned: 'laravel-worker_00' with pid 7
2023-04-09 23:02:09,599 INFO spawned: 'laravel-worker_01' with pid 8
2023-04-09 23:02:09,602 INFO spawned: 'laravel-worker_02' with pid 9
2023-04-09 23:02:09,605 INFO spawned: 'laravel-worker_03' with pid 10
2023-04-09 23:02:10,607 INFO success: laravel-worker_00 entered RUNNING state, process has stayed up for > than 1 seconds (startsecs)
2023-04-09 23:02:10,607 INFO success: laravel-worker_01 entered RUNNING state, process has stayed up for > than 1 seconds (startsecs)
2023-04-09 23:02:10,607 INFO success: laravel-worker_02 entered RUNNING state, process has stayed up for > than 1 seconds (startsecs)
2023-04-09 23:02:10,608 INFO success: laravel-worker_03 entered RUNNING state, process has stayed up for > than 1 seconds (startsecs)
2023-04-10 00:01:56,091 INFO exited: laravel-worker_00 (exit status 0; expected)
2023-04-10 00:01:56,092 INFO exited: laravel-worker_01 (exit status 0; expected)
2023-04-10 00:01:56,093 INFO exited: laravel-worker_02 (exit status 0; expected)
2023-04-10 00:01:56,093 INFO exited: laravel-worker_03 (exit status 0; expected)
2023-04-10 00:01:57,099 INFO spawned: 'laravel-worker_00' with pid 27
2023-04-10 00:01:57,102 INFO spawned: 'laravel-worker_01' with pid 28
2023-04-10 00:01:57,105 INFO spawned: 'laravel-worker_02' with pid 29
2023-04-10 00:01:57,109 INFO spawned: 'laravel-worker_03' with pid 30
2023-04-10 00:01:58,111 INFO success: laravel-worker_00 entered RUNNING state, process has stayed up for > than 1 seconds (startsecs)
2023-04-10 00:01:58,112 INFO success: laravel-worker_01 entered RUNNING state, process has stayed up for > than 1 seconds (startsecs)
2023-04-10 00:01:58,112 INFO success: laravel-worker_02 entered RUNNING state, process has stayed up for > than 1 seconds (startsecs)
2023-04-10 00:01:58,113 INFO success: laravel-worker_03 entered RUNNING state, process has stayed up for > than 1 seconds (startsecs)
